[ 2016-04-29T13:55:37+08:00 ] 127.0.0.1 /shop/index.php
INFO: [ app_begin ] --START--
INFO: Run Behavior\ReadHtmlCacheBehavior [ RunTime:0.015600s ]
INFO: [ app_begin ] --END-- [ RunTime:0.031200s ]
INFO: [ view_parse ] --START--
INFO: Run Behavior\ParseTemplateBehavior [ RunTime:0.093600s ]
INFO: [ view_parse ] --END-- [ RunTime:0.093600s ]
INFO: [ view_filter ] --START--
INFO: Run Behavior\WriteHtmlCacheBehavior [ RunTime:0.015600s ]
INFO: [ view_filter ] --END-- [ RunTime:0.015600s ]
INFO: [ app_end ] --START--
INFO: Run Behavior\ShowPageTraceBehavior [ RunTime:0.000000s ]
INFO: [ app_end ] --END-- [ RunTime:0.000000s ]

[ 2016-04-29T13:56:01+08:00 ] 127.0.0.1 /shop/index.php/Home/Goods/tianjia
INFO: [ app_begin ] --START--
INFO: Run Behavior\ReadHtmlCacheBehavior [ RunTime:0.015600s ]
INFO: [ app_begin ] --END-- [ RunTime:0.015600s ]
ERR: 非法操作:tianjia

[ 2016-04-29T16:20:14+08:00 ] 127.0.0.1 /shop/index.php/Home/User/register
INFO: [ app_begin ] --START--
INFO: Run Behavior\ReadHtmlCacheBehavior [ RunTime:0.000000s ]
INFO: [ app_begin ] --END-- [ RunTime:0.000000s ]

[ 2016-04-29T16:22:17+08:00 ] 127.0.0.1 /shop/index.php/Home/User/register
INFO: [ app_begin ] --START--
INFO: Run Behavior\ReadHtmlCacheBehavior [ RunTime:0.000000s ]
INFO: [ app_begin ] --END-- [ RunTime:0.000000s ]

[ 2016-04-29T16:24:00+08:00 ] 127.0.0.1 /shop/index.php/Home/User/register
INFO: [ app_begin ] --START--
INFO: Run Behavior\ReadHtmlCacheBehavior [ RunTime:0.000000s ]
INFO: [ app_begin ] --END-- [ RunTime:0.000000s ]
SQL: SHOW COLUMNS FROM `sw_user` [ RunTime:0.0000s ]
INFO: [ view_parse ] --START--
ERR: Syntax Error in template "D:/2016XT/test02/shop/Home/View\User\register.html"  on line 100 "&lt;form id=&quot;yw0&quot; action=&quot;{$smarty.const__SELF__}&quot; method=&quot;post&quot;&gt;                &lt;table cellpadding=&quot;5&quot; cellspacing=&quot;3&quot; style=&quot;text-align:left; width:100%; border:0;&quot;&gt;" $smarty.const__SELF__ is invalid

[ 2016-04-29T16:24:49+08:00 ] 127.0.0.1 /shop/index.php/Home/User/register
INFO: [ app_begin ] --START--
INFO: Run Behavior\ReadHtmlCacheBehavior [ RunTime:0.015600s ]
INFO: [ app_begin ] --END-- [ RunTime:0.015600s ]
SQL: SHOW COLUMNS FROM `sw_user` [ RunTime:0.0000s ]
INFO: [ view_parse ] --START--
INFO: Run Behavior\ParseTemplateBehavior [ RunTime:0.343201s ]
INFO: [ view_parse ] --END-- [ RunTime:0.343201s ]
INFO: [ view_filter ] --START--
INFO: Run Behavior\WriteHtmlCacheBehavior [ RunTime:0.000000s ]
INFO: [ view_filter ] --END-- [ RunTime:0.000000s ]
INFO: [ app_end ] --START--
INFO: Run Behavior\ShowPageTraceBehavior [ RunTime:0.000000s ]
INFO: [ app_end ] --END-- [ RunTime:0.000000s ]

[ 2016-04-29T16:32:29+08:00 ] 127.0.0.1 /shop/index.php/Home/User/register
INFO: [ app_begin ] --START--
INFO: Run Behavior\ReadHtmlCacheBehavior [ RunTime:0.000000s ]
INFO: [ app_begin ] --END-- [ RunTime:0.000000s ]
SQL: SHOW COLUMNS FROM `sw_user` [ RunTime:0.0000s ]
INFO: [ view_parse ] --START--
NOTIC: [8] Undefined index: errorInfo D:\2016XT\test02\shop\Runtime\Cache\136032f10f650b085b25b69f5a68a49af4ad5c9c.file.register.html.php 第 143 行.
NOTIC: [8] Trying to get property of non-object D:\2016XT\test02\shop\Runtime\Cache\136032f10f650b085b25b69f5a68a49af4ad5c9c.file.register.html.php 第 143 行.
NOTIC: [8] Undefined index: errorInfo D:\2016XT\test02\shop\Runtime\Cache\136032f10f650b085b25b69f5a68a49af4ad5c9c.file.register.html.php 第 154 行.
NOTIC: [8] Trying to get property of non-object D:\2016XT\test02\shop\Runtime\Cache\136032f10f650b085b25b69f5a68a49af4ad5c9c.file.register.html.php 第 154 行.
NOTIC: [8] Undefined index: errorInfo D:\2016XT\test02\shop\Runtime\Cache\136032f10f650b085b25b69f5a68a49af4ad5c9c.file.register.html.php 第 162 行.
NOTIC: [8] Trying to get property of non-object D:\2016XT\test02\shop\Runtime\Cache\136032f10f650b085b25b69f5a68a49af4ad5c9c.file.register.html.php 第 162 行.
NOTIC: [8] Undefined index: errorInfo D:\2016XT\test02\shop\Runtime\Cache\136032f10f650b085b25b69f5a68a49af4ad5c9c.file.register.html.php 第 172 行.
NOTIC: [8] Trying to get property of non-object D:\2016XT\test02\shop\Runtime\Cache\136032f10f650b085b25b69f5a68a49af4ad5c9c.file.register.html.php 第 172 行.
NOTIC: [8] Undefined index: errorInfo D:\2016XT\test02\shop\Runtime\Cache\136032f10f650b085b25b69f5a68a49af4ad5c9c.file.register.html.php 第 181 行.
NOTIC: [8] Trying to get property of non-object D:\2016XT\test02\shop\Runtime\Cache\136032f10f650b085b25b69f5a68a49af4ad5c9c.file.register.html.php 第 181 行.
NOTIC: [8] Undefined index: errorInfo D:\2016XT\test02\shop\Runtime\Cache\136032f10f650b085b25b69f5a68a49af4ad5c9c.file.register.html.php 第 190 行.
NOTIC: [8] Trying to get property of non-object D:\2016XT\test02\shop\Runtime\Cache\136032f10f650b085b25b69f5a68a49af4ad5c9c.file.register.html.php 第 190 行.
INFO: Run Behavior\ParseTemplateBehavior [ RunTime:0.499201s ]
INFO: [ view_parse ] --END-- [ RunTime:0.499201s ]
INFO: [ view_filter ] --START--
INFO: Run Behavior\WriteHtmlCacheBehavior [ RunTime:0.000000s ]
INFO: [ view_filter ] --END-- [ RunTime:0.000000s ]
INFO: [ app_end ] --START--
INFO: Run Behavior\ShowPageTraceBehavior [ RunTime:0.000000s ]
INFO: [ app_end ] --END-- [ RunTime:0.000000s ]

[ 2016-04-29T16:36:16+08:00 ] 127.0.0.1 /shop/index.php/Home/User/register
INFO: [ app_begin ] --START--
INFO: Run Behavior\ReadHtmlCacheBehavior [ RunTime:0.000000s ]
INFO: [ app_begin ] --END-- [ RunTime:0.015600s ]
SQL: SHOW COLUMNS FROM `sw_user` [ RunTime:0.0000s ]
INFO: [ view_parse ] --START--
NOTIC: [8] Undefined index: errorInfo D:\2016XT\test02\shop\Runtime\Cache\136032f10f650b085b25b69f5a68a49af4ad5c9c.file.register.html.php 第 143 行.
NOTIC: [8] Trying to get property of non-object D:\2016XT\test02\shop\Runtime\Cache\136032f10f650b085b25b69f5a68a49af4ad5c9c.file.register.html.php 第 143 行.
NOTIC: [8] Undefined index: errorInfo D:\2016XT\test02\shop\Runtime\Cache\136032f10f650b085b25b69f5a68a49af4ad5c9c.file.register.html.php 第 154 行.
NOTIC: [8] Trying to get property of non-object D:\2016XT\test02\shop\Runtime\Cache\136032f10f650b085b25b69f5a68a49af4ad5c9c.file.register.html.php 第 154 行.
NOTIC: [8] Undefined index: errorInfo D:\2016XT\test02\shop\Runtime\Cache\136032f10f650b085b25b69f5a68a49af4ad5c9c.file.register.html.php 第 162 行.
NOTIC: [8] Trying to get property of non-object D:\2016XT\test02\shop\Runtime\Cache\136032f10f650b085b25b69f5a68a49af4ad5c9c.file.register.html.php 第 162 行.
NOTIC: [8] Undefined index: errorInfo D:\2016XT\test02\shop\Runtime\Cache\136032f10f650b085b25b69f5a68a49af4ad5c9c.file.register.html.php 第 172 行.
NOTIC: [8] Trying to get property of non-object D:\2016XT\test02\shop\Runtime\Cache\136032f10f650b085b25b69f5a68a49af4ad5c9c.file.register.html.php 第 172 行.
NOTIC: [8] Undefined index: errorInfo D:\2016XT\test02\shop\Runtime\Cache\136032f10f650b085b25b69f5a68a49af4ad5c9c.file.register.html.php 第 181 行.
NOTIC: [8] Trying to get property of non-object D:\2016XT\test02\shop\Runtime\Cache\136032f10f650b085b25b69f5a68a49af4ad5c9c.file.register.html.php 第 181 行.
NOTIC: [8] Undefined index: errorInfo D:\2016XT\test02\shop\Runtime\Cache\136032f10f650b085b25b69f5a68a49af4ad5c9c.file.register.html.php 第 190 行.
NOTIC: [8] Trying to get property of non-object D:\2016XT\test02\shop\Runtime\Cache\136032f10f650b085b25b69f5a68a49af4ad5c9c.file.register.html.php 第 190 行.
NOTIC: [8] Undefined index: errorInfo D:\2016XT\test02\shop\Runtime\Cache\136032f10f650b085b25b69f5a68a49af4ad5c9c.file.register.html.php 第 221 行.
NOTIC: [8] Trying to get property of non-object D:\2016XT\test02\shop\Runtime\Cache\136032f10f650b085b25b69f5a68a49af4ad5c9c.file.register.html.php 第 221 行.
NOTIC: [8] Undefined index: errorInfo D:\2016XT\test02\shop\Runtime\Cache\136032f10f650b085b25b69f5a68a49af4ad5c9c.file.register.html.php 第 241 行.
NOTIC: [8] Trying to get property of non-object D:\2016XT\test02\shop\Runtime\Cache\136032f10f650b085b25b69f5a68a49af4ad5c9c.file.register.html.php 第 241 行.
INFO: Run Behavior\ParseTemplateBehavior [ RunTime:0.390001s ]
INFO: [ view_parse ] --END-- [ RunTime:0.390001s ]
INFO: [ view_filter ] --START--
INFO: Run Behavior\WriteHtmlCacheBehavior [ RunTime:0.000000s ]
INFO: [ view_filter ] --END-- [ RunTime:0.000000s ]
INFO: [ app_end ] --START--
INFO: Run Behavior\ShowPageTraceBehavior [ RunTime:0.000000s ]
INFO: [ app_end ] --END-- [ RunTime:0.000000s ]

[ 2016-04-29T16:36:20+08:00 ] 127.0.0.1 /shop/index.php/Home/User/register
INFO: [ app_begin ] --START--
INFO: Run Behavior\ReadHtmlCacheBehavior [ RunTime:0.000000s ]
INFO: [ app_begin ] --END-- [ RunTime:0.000000s ]
SQL: SHOW COLUMNS FROM `sw_user` [ RunTime:0.0000s ]
INFO: [ view_parse ] --START--
NOTIC: [8] Undefined index: user_mail D:\2016XT\test02\shop\Runtime\Cache\136032f10f650b085b25b69f5a68a49af4ad5c9c.file.register.html.php 第 172 行.
NOTIC: [8] Undefined index: user_tel D:\2016XT\test02\shop\Runtime\Cache\136032f10f650b085b25b69f5a68a49af4ad5c9c.file.register.html.php 第 190 行.
INFO: Run Behavior\ParseTemplateBehavior [ RunTime:0.015600s ]
INFO: [ view_parse ] --END-- [ RunTime:0.015600s ]
INFO: [ view_filter ] --START--
INFO: Run Behavior\WriteHtmlCacheBehavior [ RunTime:0.000000s ]
INFO: [ view_filter ] --END-- [ RunTime:0.000000s ]
INFO: [ app_end ] --START--
INFO: Run Behavior\ShowPageTraceBehavior [ RunTime:0.000000s ]
INFO: [ app_end ] --END-- [ RunTime:0.000000s ]

[ 2016-04-29T16:37:31+08:00 ] 127.0.0.1 /shop/index.php/Home/User/register
INFO: [ app_begin ] --START--
INFO: Run Behavior\ReadHtmlCacheBehavior [ RunTime:0.000000s ]
INFO: [ app_begin ] --END-- [ RunTime:0.000000s ]
SQL: SHOW COLUMNS FROM `sw_user` [ RunTime:0.0000s ]
SQL: SELECT * FROM `sw_user` WHERE `username` = 'jack' LIMIT 1   [ RunTime:0.0000s ]
INFO: [ view_parse ] --START--
NOTIC: [8] Undefined index: password D:\2016XT\test02\shop\Runtime\Cache\136032f10f650b085b25b69f5a68a49af4ad5c9c.file.register.html.php 第 154 行.
NOTIC: [8] Undefined index: password2 D:\2016XT\test02\shop\Runtime\Cache\136032f10f650b085b25b69f5a68a49af4ad5c9c.file.register.html.php 第 162 行.
NOTIC: [8] Undefined index: user_mail D:\2016XT\test02\shop\Runtime\Cache\136032f10f650b085b25b69f5a68a49af4ad5c9c.file.register.html.php 第 172 行.
NOTIC: [8] Undefined index: user_qq D:\2016XT\test02\shop\Runtime\Cache\136032f10f650b085b25b69f5a68a49af4ad5c9c.file.register.html.php 第 181 行.
NOTIC: [8] Undefined index: user_tel D:\2016XT\test02\shop\Runtime\Cache\136032f10f650b085b25b69f5a68a49af4ad5c9c.file.register.html.php 第 190 行.
NOTIC: [8] Undefined index: user_xueli D:\2016XT\test02\shop\Runtime\Cache\136032f10f650b085b25b69f5a68a49af4ad5c9c.file.register.html.php 第 221 行.
NOTIC: [8] Undefined index: user_hobby D:\2016XT\test02\shop\Runtime\Cache\136032f10f650b085b25b69f5a68a49af4ad5c9c.file.register.html.php 第 241 行.
INFO: Run Behavior\ParseTemplateBehavior [ RunTime:0.405601s ]
INFO: [ view_parse ] --END-- [ RunTime:0.405601s ]
INFO: [ view_filter ] --START--
INFO: Run Behavior\WriteHtmlCacheBehavior [ RunTime:0.000000s ]
INFO: [ view_filter ] --END-- [ RunTime:0.000000s ]
INFO: [ app_end ] --START--
INFO: Run Behavior\ShowPageTraceBehavior [ RunTime:0.000000s ]
INFO: [ app_end ] --END-- [ RunTime:0.000000s ]

[ 2016-04-29T16:38:16+08:00 ] 127.0.0.1 /shop/index.php/Home/User/register
INFO: [ app_begin ] --START--
INFO: Run Behavior\ReadHtmlCacheBehavior [ RunTime:0.000000s ]
INFO: [ app_begin ] --END-- [ RunTime:0.000000s ]
SQL: SHOW COLUMNS FROM `sw_user` [ RunTime:0.0000s ]
SQL: SELECT * FROM `sw_user` WHERE `username` = 'jack' LIMIT 1   [ RunTime:0.0000s ]
INFO: [ view_parse ] --START--
NOTIC: [8] Undefined index: password D:\2016XT\test02\shop\Runtime\Cache\136032f10f650b085b25b69f5a68a49af4ad5c9c.file.register.html.php 第 154 行.
NOTIC: [8] Undefined index: password2 D:\2016XT\test02\shop\Runtime\Cache\136032f10f650b085b25b69f5a68a49af4ad5c9c.file.register.html.php 第 162 行.
NOTIC: [8] Undefined index: user_email D:\2016XT\test02\shop\Runtime\Cache\136032f10f650b085b25b69f5a68a49af4ad5c9c.file.register.html.php 第 172 行.
NOTIC: [8] Undefined index: user_qq D:\2016XT\test02\shop\Runtime\Cache\136032f10f650b085b25b69f5a68a49af4ad5c9c.file.register.html.php 第 181 行.
NOTIC: [8] Undefined index: user_tel D:\2016XT\test02\shop\Runtime\Cache\136032f10f650b085b25b69f5a68a49af4ad5c9c.file.register.html.php 第 190 行.
NOTIC: [8] Undefined index: user_xueli D:\2016XT\test02\shop\Runtime\Cache\136032f10f650b085b25b69f5a68a49af4ad5c9c.file.register.html.php 第 221 行.
NOTIC: [8] Undefined index: user_hobby D:\2016XT\test02\shop\Runtime\Cache\136032f10f650b085b25b69f5a68a49af4ad5c9c.file.register.html.php 第 241 行.
INFO: Run Behavior\ParseTemplateBehavior [ RunTime:0.390001s ]
INFO: [ view_parse ] --END-- [ RunTime:0.390001s ]
INFO: [ view_filter ] --START--
INFO: Run Behavior\WriteHtmlCacheBehavior [ RunTime:0.000000s ]
INFO: [ view_filter ] --END-- [ RunTime:0.000000s ]
INFO: [ app_end ] --START--
INFO: Run Behavior\ShowPageTraceBehavior [ RunTime:0.000000s ]
INFO: [ app_end ] --END-- [ RunTime:0.000000s ]

[ 2016-04-29T16:38:20+08:00 ] 127.0.0.1 /shop/index.php/Home/User/register
INFO: [ app_begin ] --START--
INFO: Run Behavior\ReadHtmlCacheBehavior [ RunTime:0.000000s ]
INFO: [ app_begin ] --END-- [ RunTime:0.000000s ]
SQL: SHOW COLUMNS FROM `sw_user` [ RunTime:0.0000s ]
INFO: [ view_parse ] --START--
NOTIC: [8] Undefined index: user_email D:\2016XT\test02\shop\Runtime\Cache\136032f10f650b085b25b69f5a68a49af4ad5c9c.file.register.html.php 第 172 行.
NOTIC: [8] Undefined index: user_tel D:\2016XT\test02\shop\Runtime\Cache\136032f10f650b085b25b69f5a68a49af4ad5c9c.file.register.html.php 第 190 行.
INFO: Run Behavior\ParseTemplateBehavior [ RunTime:0.015600s ]
INFO: [ view_parse ] --END-- [ RunTime:0.015600s ]
INFO: [ view_filter ] --START--
INFO: Run Behavior\WriteHtmlCacheBehavior [ RunTime:0.000000s ]
INFO: [ view_filter ] --END-- [ RunTime:0.000000s ]
INFO: [ app_end ] --START--
INFO: Run Behavior\ShowPageTraceBehavior [ RunTime:0.000000s ]
INFO: [ app_end ] --END-- [ RunTime:0.000000s ]

[ 2016-04-29T16:39:08+08:00 ] 127.0.0.1 /shop/index.php/Home/User/register
INFO: [ app_begin ] --START--
INFO: Run Behavior\ReadHtmlCacheBehavior [ RunTime:0.001001s ]
INFO: [ app_begin ] --END-- [ RunTime:0.002001s ]
SQL: SHOW COLUMNS FROM `sw_user` [ RunTime:0.0020s ]
INFO: [ view_parse ] --START--
NOTIC: [8] Undefined index: errorInfo D:\2016XT\test02\shop\Runtime\Cache\136032f10f650b085b25b69f5a68a49af4ad5c9c.file.register.html.php 第 143 行.
NOTIC: [8] Trying to get property of non-object D:\2016XT\test02\shop\Runtime\Cache\136032f10f650b085b25b69f5a68a49af4ad5c9c.file.register.html.php 第 143 行.
NOTIC: [8] Undefined index: errorInfo D:\2016XT\test02\shop\Runtime\Cache\136032f10f650b085b25b69f5a68a49af4ad5c9c.file.register.html.php 第 154 行.
NOTIC: [8] Trying to get property of non-object D:\2016XT\test02\shop\Runtime\Cache\136032f10f650b085b25b69f5a68a49af4ad5c9c.file.register.html.php 第 154 行.
NOTIC: [8] Undefined index: errorInfo D:\2016XT\test02\shop\Runtime\Cache\136032f10f650b085b25b69f5a68a49af4ad5c9c.file.register.html.php 第 162 行.
NOTIC: [8] Trying to get property of non-object D:\2016XT\test02\shop\Runtime\Cache\136032f10f650b085b25b69f5a68a49af4ad5c9c.file.register.html.php 第 162 行.
NOTIC: [8] Undefined index: errorInfo D:\2016XT\test02\shop\Runtime\Cache\136032f10f650b085b25b69f5a68a49af4ad5c9c.file.register.html.php 第 172 行.
NOTIC: [8] Trying to get property of non-object D:\2016XT\test02\shop\Runtime\Cache\136032f10f650b085b25b69f5a68a49af4ad5c9c.file.register.html.php 第 172 行.
NOTIC: [8] Undefined index: errorInfo D:\2016XT\test02\shop\Runtime\Cache\136032f10f650b085b25b69f5a68a49af4ad5c9c.file.register.html.php 第 181 行.
NOTIC: [8] Trying to get property of non-object D:\2016XT\test02\shop\Runtime\Cache\136032f10f650b085b25b69f5a68a49af4ad5c9c.file.register.html.php 第 181 行.
NOTIC: [8] Undefined index: errorInfo D:\2016XT\test02\shop\Runtime\Cache\136032f10f650b085b25b69f5a68a49af4ad5c9c.file.register.html.php 第 190 行.
NOTIC: [8] Trying to get property of non-object D:\2016XT\test02\shop\Runtime\Cache\136032f10f650b085b25b69f5a68a49af4ad5c9c.file.register.html.php 第 190 行.
NOTIC: [8] Undefined index: errorInfo D:\2016XT\test02\shop\Runtime\Cache\136032f10f650b085b25b69f5a68a49af4ad5c9c.file.register.html.php 第 221 行.
NOTIC: [8] Trying to get property of non-object D:\2016XT\test02\shop\Runtime\Cache\136032f10f650b085b25b69f5a68a49af4ad5c9c.file.register.html.php 第 221 行.
NOTIC: [8] Undefined index: errorInfo D:\2016XT\test02\shop\Runtime\Cache\136032f10f650b085b25b69f5a68a49af4ad5c9c.file.register.html.php 第 241 行.
NOTIC: [8] Trying to get property of non-object D:\2016XT\test02\shop\Runtime\Cache\136032f10f650b085b25b69f5a68a49af4ad5c9c.file.register.html.php 第 241 行.
INFO: Run Behavior\ParseTemplateBehavior [ RunTime:0.389022s ]
INFO: [ view_parse ] --END-- [ RunTime:0.389022s ]
INFO: [ view_filter ] --START--
INFO: Run Behavior\WriteHtmlCacheBehavior [ RunTime:0.001000s ]
INFO: [ view_filter ] --END-- [ RunTime:0.001000s ]
INFO: [ app_end ] --START--
INFO: Run Behavior\ShowPageTraceBehavior [ RunTime:0.001000s ]
INFO: [ app_end ] --END-- [ RunTime:0.001000s ]

[ 2016-04-29T16:39:21+08:00 ] 127.0.0.1 /shop/index.php/Home/User/register
INFO: [ app_begin ] --START--
INFO: Run Behavior\ReadHtmlCacheBehavior [ RunTime:0.001000s ]
INFO: [ app_begin ] --END-- [ RunTime:0.001000s ]
SQL: SHOW COLUMNS FROM `sw_user` [ RunTime:0.0020s ]
INFO: [ view_parse ] --START--
NOTIC: [8] Undefined index: user_email D:\2016XT\test02\shop\Runtime\Cache\136032f10f650b085b25b69f5a68a49af4ad5c9c.file.register.html.php 第 172 行.
NOTIC: [8] Undefined index: user_tel D:\2016XT\test02\shop\Runtime\Cache\136032f10f650b085b25b69f5a68a49af4ad5c9c.file.register.html.php 第 190 行.
INFO: Run Behavior\ParseTemplateBehavior [ RunTime:0.014001s ]
INFO: [ view_parse ] --END-- [ RunTime:0.014001s ]
INFO: [ view_filter ] --START--
INFO: Run Behavior\WriteHtmlCacheBehavior [ RunTime:0.001000s ]
INFO: [ view_filter ] --END-- [ RunTime:0.001000s ]
INFO: [ app_end ] --START--
INFO: Run Behavior\ShowPageTraceBehavior [ RunTime:0.001000s ]
INFO: [ app_end ] --END-- [ RunTime:0.001000s ]

[ 2016-04-29T18:24:41+08:00 ] 127.0.0.1 /shop/index.php/Home/User/register
INFO: [ app_begin ] --START--
INFO: Run Behavior\ReadHtmlCacheBehavior [ RunTime:0.001000s ]
INFO: [ app_begin ] --END-- [ RunTime:0.001000s ]
SQL: SHOW COLUMNS FROM `sw_user` [ RunTime:0.0010s ]
INFO: [ view_parse ] --START--
NOTIC: [8] Undefined index: errorInfo D:\2016XT\test02\shop\Runtime\Cache\136032f10f650b085b25b69f5a68a49af4ad5c9c.file.register.html.php 第 143 行.
NOTIC: [8] Trying to get property of non-object D:\2016XT\test02\shop\Runtime\Cache\136032f10f650b085b25b69f5a68a49af4ad5c9c.file.register.html.php 第 143 行.
NOTIC: [8] Undefined index: errorInfo D:\2016XT\test02\shop\Runtime\Cache\136032f10f650b085b25b69f5a68a49af4ad5c9c.file.register.html.php 第 154 行.
NOTIC: [8] Trying to get property of non-object D:\2016XT\test02\shop\Runtime\Cache\136032f10f650b085b25b69f5a68a49af4ad5c9c.file.register.html.php 第 154 行.
NOTIC: [8] Undefined index: errorInfo D:\2016XT\test02\shop\Runtime\Cache\136032f10f650b085b25b69f5a68a49af4ad5c9c.file.register.html.php 第 162 行.
NOTIC: [8] Trying to get property of non-object D:\2016XT\test02\shop\Runtime\Cache\136032f10f650b085b25b69f5a68a49af4ad5c9c.file.register.html.php 第 162 行.
NOTIC: [8] Undefined index: errorInfo D:\2016XT\test02\shop\Runtime\Cache\136032f10f650b085b25b69f5a68a49af4ad5c9c.file.register.html.php 第 172 行.
NOTIC: [8] Trying to get property of non-object D:\2016XT\test02\shop\Runtime\Cache\136032f10f650b085b25b69f5a68a49af4ad5c9c.file.register.html.php 第 172 行.
NOTIC: [8] Undefined index: errorInfo D:\2016XT\test02\shop\Runtime\Cache\136032f10f650b085b25b69f5a68a49af4ad5c9c.file.register.html.php 第 181 行.
NOTIC: [8] Trying to get property of non-object D:\2016XT\test02\shop\Runtime\Cache\136032f10f650b085b25b69f5a68a49af4ad5c9c.file.register.html.php 第 181 行.
NOTIC: [8] Undefined index: errorInfo D:\2016XT\test02\shop\Runtime\Cache\136032f10f650b085b25b69f5a68a49af4ad5c9c.file.register.html.php 第 190 行.
NOTIC: [8] Trying to get property of non-object D:\2016XT\test02\shop\Runtime\Cache\136032f10f650b085b25b69f5a68a49af4ad5c9c.file.register.html.php 第 190 行.
NOTIC: [8] Undefined index: errorInfo D:\2016XT\test02\shop\Runtime\Cache\136032f10f650b085b25b69f5a68a49af4ad5c9c.file.register.html.php 第 221 行.
NOTIC: [8] Trying to get property of non-object D:\2016XT\test02\shop\Runtime\Cache\136032f10f650b085b25b69f5a68a49af4ad5c9c.file.register.html.php 第 221 行.
NOTIC: [8] Undefined index: errorInfo D:\2016XT\test02\shop\Runtime\Cache\136032f10f650b085b25b69f5a68a49af4ad5c9c.file.register.html.php 第 241 行.
NOTIC: [8] Trying to get property of non-object D:\2016XT\test02\shop\Runtime\Cache\136032f10f650b085b25b69f5a68a49af4ad5c9c.file.register.html.php 第 241 行.
INFO: Run Behavior\ParseTemplateBehavior [ RunTime:0.029002s ]
INFO: [ view_parse ] --END-- [ RunTime:0.029002s ]
INFO: [ view_filter ] --START--
INFO: Run Behavior\WriteHtmlCacheBehavior [ RunTime:0.000000s ]
INFO: [ view_filter ] --END-- [ RunTime:0.002000s ]
INFO: [ app_end ] --START--
INFO: Run Behavior\ShowPageTraceBehavior [ RunTime:0.001000s ]
INFO: [ app_end ] --END-- [ RunTime:0.002000s ]

[ 2016-04-29T18:24:44+08:00 ] 127.0.0.1 /shop/index.php/Home/User/register
INFO: [ app_begin ] --START--
INFO: Run Behavior\ReadHtmlCacheBehavior [ RunTime:0.000000s ]
INFO: [ app_begin ] --END-- [ RunTime:0.001000s ]
SQL: SHOW COLUMNS FROM `sw_user` [ RunTime:0.0010s ]
INFO: [ view_parse ] --START--
NOTIC: [8] Undefined index: user_tel D:\2016XT\test02\shop\Runtime\Cache\136032f10f650b085b25b69f5a68a49af4ad5c9c.file.register.html.php 第 190 行.
INFO: Run Behavior\ParseTemplateBehavior [ RunTime:0.016001s ]
INFO: [ view_parse ] --END-- [ RunTime:0.016001s ]
INFO: [ view_filter ] --START--
INFO: Run Behavior\WriteHtmlCacheBehavior [ RunTime:0.001000s ]
INFO: [ view_filter ] --END-- [ RunTime:0.001000s ]
INFO: [ app_end ] --START--
INFO: Run Behavior\ShowPageTraceBehavior [ RunTime:0.000000s ]
INFO: [ app_end ] --END-- [ RunTime:0.001000s ]

[ 2016-04-29T18:25:39+08:00 ] 127.0.0.1 /shop/index.php/Home/User/register
INFO: [ app_begin ] --START--
INFO: Run Behavior\ReadHtmlCacheBehavior [ RunTime:0.000000s ]
INFO: [ app_begin ] --END-- [ RunTime:0.002000s ]
SQL: SHOW COLUMNS FROM `sw_user` [ RunTime:0.0010s ]
INFO: [ view_parse ] --START--
NOTIC: [8] Undefined index: user_qq D:\2016XT\test02\shop\Runtime\Cache\136032f10f650b085b25b69f5a68a49af4ad5c9c.file.register.html.php 第 181 行.
NOTIC: [8] Undefined index: user_tel D:\2016XT\test02\shop\Runtime\Cache\136032f10f650b085b25b69f5a68a49af4ad5c9c.file.register.html.php 第 190 行.
INFO: Run Behavior\ParseTemplateBehavior [ RunTime:0.017001s ]
INFO: [ view_parse ] --END-- [ RunTime:0.017001s ]
INFO: [ view_filter ] --START--
INFO: Run Behavior\WriteHtmlCacheBehavior [ RunTime:0.000000s ]
INFO: [ view_filter ] --END-- [ RunTime:0.001000s ]
INFO: [ app_end ] --START--
INFO: Run Behavior\ShowPageTraceBehavior [ RunTime:0.001000s ]
INFO: [ app_end ] --END-- [ RunTime:0.002000s ]

[ 2016-04-29T18:27:52+08:00 ] 127.0.0.1 /shop/index.php/Home/User/register
INFO: [ app_begin ] --START--
INFO: Run Behavior\ReadHtmlCacheBehavior [ RunTime:0.000000s ]
INFO: [ app_begin ] --END-- [ RunTime:0.015600s ]
SQL: SHOW COLUMNS FROM `sw_user` [ RunTime:0.0000s ]
SQL: SELECT * FROM `sw_user` WHERE `username` = 'king' LIMIT 1   [ RunTime:0.0156s ]
SQL: INSERT INTO `sw_user` (`username`,`password`,`user_email`,`user_qq`,`user_tel`,`user_sex`,`user_xueli`,`user_hobby`,`user_introduce`) VALUES ('king','123','415873846@qq.com','415873846','15521215331','1','5','1,2,3','this is a test') [ RunTime:0.1872s ]

[ 2016-04-29T18:27:52+08:00 ] 127.0.0.1 /shop/index.php/User/login.html
INFO: [ app_begin ] --START--
INFO: Run Behavior\ReadHtmlCacheBehavior [ RunTime:0.000000s ]
INFO: [ app_begin ] --END-- [ RunTime:0.000000s ]
INFO: [ view_parse ] --START--
INFO: Run Behavior\ParseTemplateBehavior [ RunTime:0.327601s ]
INFO: [ view_parse ] --END-- [ RunTime:0.327601s ]
INFO: [ view_filter ] --START--
INFO: Run Behavior\WriteHtmlCacheBehavior [ RunTime:0.000000s ]
INFO: [ view_filter ] --END-- [ RunTime:0.000000s ]
INFO: [ app_end ] --START--
INFO: Run Behavior\ShowPageTraceBehavior [ RunTime:0.000000s ]
INFO: [ app_end ] --END-- [ RunTime:0.000000s ]

[ 2016-04-29T18:29:50+08:00 ] 127.0.0.1 /shop/index.php/Home/User/register
INFO: [ app_begin ] --START--
INFO: Run Behavior\ReadHtmlCacheBehavior [ RunTime:0.000000s ]
INFO: [ app_begin ] --END-- [ RunTime:0.000000s ]
SQL: SHOW COLUMNS FROM `sw_user` [ RunTime:0.0156s ]
INFO: [ view_parse ] --START--
NOTIC: [8] Undefined index: errorInfo D:\2016XT\test02\shop\Runtime\Cache\136032f10f650b085b25b69f5a68a49af4ad5c9c.file.register.html.php 第 143 行.
NOTIC: [8] Trying to get property of non-object D:\2016XT\test02\shop\Runtime\Cache\136032f10f650b085b25b69f5a68a49af4ad5c9c.file.register.html.php 第 143 行.
NOTIC: [8] Undefined index: errorInfo D:\2016XT\test02\shop\Runtime\Cache\136032f10f650b085b25b69f5a68a49af4ad5c9c.file.register.html.php 第 154 行.
NOTIC: [8] Trying to get property of non-object D:\2016XT\test02\shop\Runtime\Cache\136032f10f650b085b25b69f5a68a49af4ad5c9c.file.register.html.php 第 154 行.
NOTIC: [8] Undefined index: errorInfo D:\2016XT\test02\shop\Runtime\Cache\136032f10f650b085b25b69f5a68a49af4ad5c9c.file.register.html.php 第 162 行.
NOTIC: [8] Trying to get property of non-object D:\2016XT\test02\shop\Runtime\Cache\136032f10f650b085b25b69f5a68a49af4ad5c9c.file.register.html.php 第 162 行.
NOTIC: [8] Undefined index: errorInfo D:\2016XT\test02\shop\Runtime\Cache\136032f10f650b085b25b69f5a68a49af4ad5c9c.file.register.html.php 第 172 行.
NOTIC: [8] Trying to get property of non-object D:\2016XT\test02\shop\Runtime\Cache\136032f10f650b085b25b69f5a68a49af4ad5c9c.file.register.html.php 第 172 行.
NOTIC: [8] Undefined index: errorInfo D:\2016XT\test02\shop\Runtime\Cache\136032f10f650b085b25b69f5a68a49af4ad5c9c.file.register.html.php 第 181 行.
NOTIC: [8] Trying to get property of non-object D:\2016XT\test02\shop\Runtime\Cache\136032f10f650b085b25b69f5a68a49af4ad5c9c.file.register.html.php 第 181 行.
NOTIC: [8] Undefined index: errorInfo D:\2016XT\test02\shop\Runtime\Cache\136032f10f650b085b25b69f5a68a49af4ad5c9c.file.register.html.php 第 190 行.
NOTIC: [8] Trying to get property of non-object D:\2016XT\test02\shop\Runtime\Cache\136032f10f650b085b25b69f5a68a49af4ad5c9c.file.register.html.php 第 190 行.
NOTIC: [8] Undefined index: errorInfo D:\2016XT\test02\shop\Runtime\Cache\136032f10f650b085b25b69f5a68a49af4ad5c9c.file.register.html.php 第 221 行.
NOTIC: [8] Trying to get property of non-object D:\2016XT\test02\shop\Runtime\Cache\136032f10f650b085b25b69f5a68a49af4ad5c9c.file.register.html.php 第 221 行.
NOTIC: [8] Undefined index: errorInfo D:\2016XT\test02\shop\Runtime\Cache\136032f10f650b085b25b69f5a68a49af4ad5c9c.file.register.html.php 第 241 行.
NOTIC: [8] Trying to get property of non-object D:\2016XT\test02\shop\Runtime\Cache\136032f10f650b085b25b69f5a68a49af4ad5c9c.file.register.html.php 第 241 行.
INFO: Run Behavior\ParseTemplateBehavior [ RunTime:0.015600s ]
INFO: [ view_parse ] --END-- [ RunTime:0.015600s ]
INFO: [ view_filter ] --START--
INFO: Run Behavior\WriteHtmlCacheBehavior [ RunTime:0.000000s ]
INFO: [ view_filter ] --END-- [ RunTime:0.000000s ]
INFO: [ app_end ] --START--
INFO: Run Behavior\ShowPageTraceBehavior [ RunTime:0.000000s ]
INFO: [ app_end ] --END-- [ RunTime:0.000000s ]

[ 2016-04-29T18:35:04+08:00 ] 127.0.0.1 /shop/index.php/User/login.html
INFO: [ app_begin ] --START--
INFO: Run Behavior\ReadHtmlCacheBehavior [ RunTime:0.000000s ]
INFO: [ app_begin ] --END-- [ RunTime:0.000000s ]
INFO: [ view_parse ] --START--
NOTIC: [8] Undefined index: errorInfo D:\2016XT\test02\shop\Runtime\Cache\9655167e110a3cfc2d993487b911e8d1e0d786a7.file.login.html.php 第 136 行.
NOTIC: [8] Trying to get property of non-object D:\2016XT\test02\shop\Runtime\Cache\9655167e110a3cfc2d993487b911e8d1e0d786a7.file.login.html.php 第 136 行.
NOTIC: [8] Undefined index: errorInfo D:\2016XT\test02\shop\Runtime\Cache\9655167e110a3cfc2d993487b911e8d1e0d786a7.file.login.html.php 第 145 行.
NOTIC: [8] Trying to get property of non-object D:\2016XT\test02\shop\Runtime\Cache\9655167e110a3cfc2d993487b911e8d1e0d786a7.file.login.html.php 第 145 行.
INFO: Run Behavior\ParseTemplateBehavior [ RunTime:0.312001s ]
INFO: [ view_parse ] --END-- [ RunTime:0.312001s ]
INFO: [ view_filter ] --START--
INFO: Run Behavior\WriteHtmlCacheBehavior [ RunTime:0.000000s ]
INFO: [ view_filter ] --END-- [ RunTime:0.000000s ]
INFO: [ app_end ] --START--
INFO: Run Behavior\ShowPageTraceBehavior [ RunTime:0.000000s ]
INFO: [ app_end ] --END-- [ RunTime:0.000000s ]

[ 2016-04-29T18:35:24+08:00 ] 127.0.0.1 /shop/index.php/User/login.html
INFO: [ app_begin ] --START--
INFO: Run Behavior\ReadHtmlCacheBehavior [ RunTime:0.000000s ]
INFO: [ app_begin ] --END-- [ RunTime:0.000000s ]
INFO: [ view_parse ] --START--
NOTIC: [8] Undefined index: errorInfo D:\2016XT\test02\shop\Runtime\Cache\9655167e110a3cfc2d993487b911e8d1e0d786a7.file.login.html.php 第 136 行.
NOTIC: [8] Trying to get property of non-object D:\2016XT\test02\shop\Runtime\Cache\9655167e110a3cfc2d993487b911e8d1e0d786a7.file.login.html.php 第 136 行.
NOTIC: [8] Undefined index: errorInfo D:\2016XT\test02\shop\Runtime\Cache\9655167e110a3cfc2d993487b911e8d1e0d786a7.file.login.html.php 第 145 行.
NOTIC: [8] Trying to get property of non-object D:\2016XT\test02\shop\Runtime\Cache\9655167e110a3cfc2d993487b911e8d1e0d786a7.file.login.html.php 第 145 行.
INFO: Run Behavior\ParseTemplateBehavior [ RunTime:0.312001s ]
INFO: [ view_parse ] --END-- [ RunTime:0.312001s ]
INFO: [ view_filter ] --START--
INFO: Run Behavior\WriteHtmlCacheBehavior [ RunTime:0.000000s ]
INFO: [ view_filter ] --END-- [ RunTime:0.000000s ]
INFO: [ app_end ] --START--
INFO: Run Behavior\ShowPageTraceBehavior [ RunTime:0.000000s ]
INFO: [ app_end ] --END-- [ RunTime:0.000000s ]

[ 2016-04-29T18:35:28+08:00 ] 127.0.0.1 /shop/index.php/User/login.html
INFO: [ app_begin ] --START--
INFO: Run Behavior\ReadHtmlCacheBehavior [ RunTime:0.000000s ]
INFO: [ app_begin ] --END-- [ RunTime:0.000000s ]
INFO: [ view_parse ] --START--
NOTIC: [8] Undefined index: errorInfo D:\2016XT\test02\shop\Runtime\Cache\9655167e110a3cfc2d993487b911e8d1e0d786a7.file.login.html.php 第 136 行.
NOTIC: [8] Trying to get property of non-object D:\2016XT\test02\shop\Runtime\Cache\9655167e110a3cfc2d993487b911e8d1e0d786a7.file.login.html.php 第 136 行.
NOTIC: [8] Undefined index: errorInfo D:\2016XT\test02\shop\Runtime\Cache\9655167e110a3cfc2d993487b911e8d1e0d786a7.file.login.html.php 第 145 行.
NOTIC: [8] Trying to get property of non-object D:\2016XT\test02\shop\Runtime\Cache\9655167e110a3cfc2d993487b911e8d1e0d786a7.file.login.html.php 第 145 行.
INFO: Run Behavior\ParseTemplateBehavior [ RunTime:0.015600s ]
INFO: [ view_parse ] --END-- [ RunTime:0.015600s ]
INFO: [ view_filter ] --START--
INFO: Run Behavior\WriteHtmlCacheBehavior [ RunTime:0.000000s ]
INFO: [ view_filter ] --END-- [ RunTime:0.000000s ]
INFO: [ app_end ] --START--
INFO: Run Behavior\ShowPageTraceBehavior [ RunTime:0.000000s ]
INFO: [ app_end ] --END-- [ RunTime:0.000000s ]

[ 2016-04-29T19:01:31+08:00 ] 127.0.0.1 /shop/index.php/User/login.html
INFO: [ app_begin ] --START--
INFO: Run Behavior\ReadHtmlCacheBehavior [ RunTime:0.001000s ]
INFO: [ app_begin ] --END-- [ RunTime:0.002000s ]
NOTIC: [8] Undefined variable: user D:\2016XT\test02\shop\Home\Controller\UserController.class.php 第 22 行.

[ 2016-04-29T19:02:53+08:00 ] 127.0.0.1 /shop/index.php/User/login.html
INFO: [ app_begin ] --START--
INFO: Run Behavior\ReadHtmlCacheBehavior [ RunTime:0.001000s ]
INFO: [ app_begin ] --END-- [ RunTime:0.001000s ]
SQL: SHOW COLUMNS FROM `sw_user` [ RunTime:0.0030s ]
INFO: [ view_parse ] --START--
NOTIC: [2] Illegal string offset 'username' D:\2016XT\test02\shop\Runtime\Cache\9655167e110a3cfc2d993487b911e8d1e0d786a7.file.login.html.php 第 136 行.
NOTIC: [8] Uninitialized string offset: 0 D:\2016XT\test02\shop\Runtime\Cache\9655167e110a3cfc2d993487b911e8d1e0d786a7.file.login.html.php 第 136 行.
NOTIC: [2] Illegal string offset 'password' D:\2016XT\test02\shop\Runtime\Cache\9655167e110a3cfc2d993487b911e8d1e0d786a7.file.login.html.php 第 145 行.
NOTIC: [8] Uninitialized string offset: 0 D:\2016XT\test02\shop\Runtime\Cache\9655167e110a3cfc2d993487b911e8d1e0d786a7.file.login.html.php 第 145 行.
INFO: Run Behavior\ParseTemplateBehavior [ RunTime:0.019001s ]
INFO: [ view_parse ] --END-- [ RunTime:0.019001s ]
INFO: [ view_filter ] --START--
INFO: Run Behavior\WriteHtmlCacheBehavior [ RunTime:0.001000s ]
INFO: [ view_filter ] --END-- [ RunTime:0.001000s ]
INFO: [ app_end ] --START--
INFO: Run Behavior\ShowPageTraceBehavior [ RunTime:0.001001s ]
INFO: [ app_end ] --END-- [ RunTime:0.002001s ]

[ 2016-04-29T19:02:58+08:00 ] 127.0.0.1 /shop/index.php/User/login.html
INFO: [ app_begin ] --START--
INFO: Run Behavior\ReadHtmlCacheBehavior [ RunTime:0.001000s ]
INFO: [ app_begin ] --END-- [ RunTime:0.002000s ]
SQL: SHOW COLUMNS FROM `sw_user` [ RunTime:0.0020s ]

[ 2016-04-29T19:04:17+08:00 ] 127.0.0.1 /shop/index.php/User/login.html
INFO: [ app_begin ] --START--
INFO: Run Behavior\ReadHtmlCacheBehavior [ RunTime:0.004000s ]
INFO: [ app_begin ] --END-- [ RunTime:0.004000s ]
SQL: SHOW COLUMNS FROM `sw_user` [ RunTime:0.0030s ]
NOTIC: [8] Undefined index: captacha D:\2016XT\test02\shop\Home\Controller\UserController.class.php 第 15 行.
NOTIC: [8] Undefined variable: vry D:\2016XT\test02\shop\Home\Controller\UserController.class.php 第 16 行.

[ 2016-04-29T19:04:20+08:00 ] 127.0.0.1 /shop/index.php/User/login.html
INFO: [ app_begin ] --START--
INFO: Run Behavior\ReadHtmlCacheBehavior [ RunTime:0.001000s ]
INFO: [ app_begin ] --END-- [ RunTime:0.001000s ]
SQL: SHOW COLUMNS FROM `sw_user` [ RunTime:0.0020s ]
INFO: [ view_parse ] --START--
NOTIC: [2] Illegal string offset 'username' D:\2016XT\test02\shop\Runtime\Cache\9655167e110a3cfc2d993487b911e8d1e0d786a7.file.login.html.php 第 136 行.
NOTIC: [8] Uninitialized string offset: 0 D:\2016XT\test02\shop\Runtime\Cache\9655167e110a3cfc2d993487b911e8d1e0d786a7.file.login.html.php 第 136 行.
NOTIC: [2] Illegal string offset 'password' D:\2016XT\test02\shop\Runtime\Cache\9655167e110a3cfc2d993487b911e8d1e0d786a7.file.login.html.php 第 145 行.
NOTIC: [8] Uninitialized string offset: 0 D:\2016XT\test02\shop\Runtime\Cache\9655167e110a3cfc2d993487b911e8d1e0d786a7.file.login.html.php 第 145 行.
INFO: Run Behavior\ParseTemplateBehavior [ RunTime:0.019001s ]
INFO: [ view_parse ] --END-- [ RunTime:0.019001s ]
INFO: [ view_filter ] --START--
INFO: Run Behavior\WriteHtmlCacheBehavior [ RunTime:0.001000s ]
INFO: [ view_filter ] --END-- [ RunTime:0.001000s ]
INFO: [ app_end ] --START--
INFO: Run Behavior\ShowPageTraceBehavior [ RunTime:0.002000s ]
INFO: [ app_end ] --END-- [ RunTime:0.002000s ]

[ 2016-04-29T19:04:21+08:00 ] 127.0.0.1 /shop/index.php/User/login.html
INFO: [ app_begin ] --START--
INFO: Run Behavior\ReadHtmlCacheBehavior [ RunTime:0.001001s ]
INFO: [ app_begin ] --END-- [ RunTime:0.002001s ]
SQL: SHOW COLUMNS FROM `sw_user` [ RunTime:0.0010s ]
NOTIC: [8] Undefined index: captacha D:\2016XT\test02\shop\Home\Controller\UserController.class.php 第 15 行.
NOTIC: [8] Undefined variable: vry D:\2016XT\test02\shop\Home\Controller\UserController.class.php 第 16 行.

[ 2016-04-29T19:06:04+08:00 ] 127.0.0.1 /shop/index.php/User/login.html
INFO: [ app_begin ] --START--
INFO: Run Behavior\ReadHtmlCacheBehavior [ RunTime:0.002000s ]
INFO: [ app_begin ] --END-- [ RunTime:0.004000s ]
SQL: SHOW COLUMNS FROM `sw_user` [ RunTime:0.0010s ]
INFO: [ view_parse ] --START--
NOTIC: [2] Illegal string offset 'username' D:\2016XT\test02\shop\Runtime\Cache\9655167e110a3cfc2d993487b911e8d1e0d786a7.file.login.html.php 第 136 行.
NOTIC: [8] Uninitialized string offset: 0 D:\2016XT\test02\shop\Runtime\Cache\9655167e110a3cfc2d993487b911e8d1e0d786a7.file.login.html.php 第 136 行.
NOTIC: [2] Illegal string offset 'password' D:\2016XT\test02\shop\Runtime\Cache\9655167e110a3cfc2d993487b911e8d1e0d786a7.file.login.html.php 第 145 行.
NOTIC: [8] Uninitialized string offset: 0 D:\2016XT\test02\shop\Runtime\Cache\9655167e110a3cfc2d993487b911e8d1e0d786a7.file.login.html.php 第 145 行.
INFO: Run Behavior\ParseTemplateBehavior [ RunTime:0.018001s ]
INFO: [ view_parse ] --END-- [ RunTime:0.018001s ]
INFO: [ view_filter ] --START--
INFO: Run Behavior\WriteHtmlCacheBehavior [ RunTime:0.001000s ]
INFO: [ view_filter ] --END-- [ RunTime:0.001000s ]
INFO: [ app_end ] --START--
INFO: Run Behavior\ShowPageTraceBehavior [ RunTime:0.001000s ]
INFO: [ app_end ] --END-- [ RunTime:0.002000s ]

[ 2016-04-29T19:06:22+08:00 ] 127.0.0.1 /shop/index.php/User/login.html
INFO: [ app_begin ] --START--
INFO: Run Behavior\ReadHtmlCacheBehavior [ RunTime:0.001001s ]
INFO: [ app_begin ] --END-- [ RunTime:0.002001s ]
SQL: SHOW COLUMNS FROM `sw_user` [ RunTime:0.0010s ]
NOTIC: [8] Undefined index: captacha D:\2016XT\test02\shop\Home\Controller\UserController.class.php 第 15 行.
NOTIC: [8] Undefined variable: vry D:\2016XT\test02\shop\Home\Controller\UserController.class.php 第 16 行.

[ 2016-04-29T19:06:56+08:00 ] 127.0.0.1 /shop/index.php/User/login.html
INFO: [ app_begin ] --START--
INFO: Run Behavior\ReadHtmlCacheBehavior [ RunTime:0.001000s ]
INFO: [ app_begin ] --END-- [ RunTime:0.001000s ]
SQL: SHOW COLUMNS FROM `sw_user` [ RunTime:0.0030s ]
NOTIC: [8] Undefined index: captacha D:\2016XT\test02\shop\Home\Controller\UserController.class.php 第 15 行.
INFO: [ view_parse ] --START--
NOTIC: [8] Undefined index: errorInfo D:\2016XT\test02\shop\Runtime\Cache\9655167e110a3cfc2d993487b911e8d1e0d786a7.file.login.html.php 第 136 行.
NOTIC: [8] Trying to get property of non-object D:\2016XT\test02\shop\Runtime\Cache\9655167e110a3cfc2d993487b911e8d1e0d786a7.file.login.html.php 第 136 行.
NOTIC: [8] Undefined index: errorInfo D:\2016XT\test02\shop\Runtime\Cache\9655167e110a3cfc2d993487b911e8d1e0d786a7.file.login.html.php 第 145 行.
NOTIC: [8] Trying to get property of non-object D:\2016XT\test02\shop\Runtime\Cache\9655167e110a3cfc2d993487b911e8d1e0d786a7.file.login.html.php 第 145 行.
INFO: Run Behavior\ParseTemplateBehavior [ RunTime:0.019001s ]
INFO: [ view_parse ] --END-- [ RunTime:0.019001s ]
INFO: [ view_filter ] --START--
INFO: Run Behavior\WriteHtmlCacheBehavior [ RunTime:0.000000s ]
INFO: [ view_filter ] --END-- [ RunTime:0.001000s ]
INFO: [ app_end ] --START--
INFO: Run Behavior\ShowPageTraceBehavior [ RunTime:0.001000s ]
INFO: [ app_end ] --END-- [ RunTime:0.002001s ]

[ 2016-04-29T19:13:18+08:00 ] 127.0.0.1 /shop/index.php/User/login.html
INFO: [ app_begin ] --START--
INFO: Run Behavior\ReadHtmlCacheBehavior [ RunTime:0.001000s ]
INFO: [ app_begin ] --END-- [ RunTime:0.002000s ]
SQL: SHOW COLUMNS FROM `sw_user` [ RunTime:0.0020s ]
NOTIC: [8] Undefined index: captacha D:\2016XT\test02\shop\Home\Controller\UserController.class.php 第 17 行.
SQL: SELECT * FROM `sw_user` WHERE ( username="$username" AND password="$password" ) LIMIT 1   [ RunTime:0.0000s ]
INFO: [ view_parse ] --START--
NOTIC: [8] Undefined index: errorInfo D:\2016XT\test02\shop\Runtime\Cache\9655167e110a3cfc2d993487b911e8d1e0d786a7.file.login.html.php 第 136 行.
NOTIC: [8] Trying to get property of non-object D:\2016XT\test02\shop\Runtime\Cache\9655167e110a3cfc2d993487b911e8d1e0d786a7.file.login.html.php 第 136 行.
NOTIC: [8] Undefined index: errorInfo D:\2016XT\test02\shop\Runtime\Cache\9655167e110a3cfc2d993487b911e8d1e0d786a7.file.login.html.php 第 145 行.
NOTIC: [8] Trying to get property of non-object D:\2016XT\test02\shop\Runtime\Cache\9655167e110a3cfc2d993487b911e8d1e0d786a7.file.login.html.php 第 145 行.
INFO: Run Behavior\ParseTemplateBehavior [ RunTime:0.019001s ]
INFO: [ view_parse ] --END-- [ RunTime:0.019001s ]
INFO: [ view_filter ] --START--
INFO: Run Behavior\WriteHtmlCacheBehavior [ RunTime:0.001000s ]
INFO: [ view_filter ] --END-- [ RunTime:0.001000s ]
INFO: [ app_end ] --START--
INFO: Run Behavior\ShowPageTraceBehavior [ RunTime:0.001000s ]
INFO: [ app_end ] --END-- [ RunTime:0.003000s ]

[ 2016-04-29T19:26:04+08:00 ] 127.0.0.1 /shop/index.php/User/login.html
ERR: SQLSTATE[42S22]: Column not found: 1054 Unknown column 'king' in 'where clause'

[ 2016-04-29T19:27:33+08:00 ] 127.0.0.1 /shop/index.php/User/login.html
ERR: SQLSTATE[42000]: Syntax error or access violation: 1065 Query was empty

[ 2016-04-29T19:39:03+08:00 ] 127.0.0.1 /shop/index.php/User/login.html
ERR: SQLSTATE[42000]: Syntax error or access violation: 1065 Query was empty

[ 2016-04-29T19:39:13+08:00 ] 127.0.0.1 /shop/index.php/User/login.html
ERR: SQLSTATE[42000]: Syntax error or access violation: 1065 Query was empty

[ 2016-04-29T20:48:19+08:00 ] 127.0.0.1 /shop/index.php/Home/User/login
ERR: SQLSTATE[42000]: Syntax error or access violation: 1064 You have an error in your SQL syntax; check the manual that corresponds to your MySQL server version for the right syntax to use near 'and password= ) LIMIT 1' at line 1

[ 2016-04-29T20:49:29+08:00 ] 127.0.0.1 /shop/index.php/Home/User/login
ERR: SQLSTATE[42000]: Syntax error or access violation: 1064 You have an error in your SQL syntax; check the manual that corresponds to your MySQL server version for the right syntax to use near 'password=45252 ) LIMIT 1' at line 1

[ 2016-04-29T20:51:58+08:00 ] 127.0.0.1 /shop/index.php/Home/User/login
ERR: SQLSTATE[42000]: Syntax error or access violation: 1064 You have an error in your SQL syntax; check the manual that corresponds to your MySQL server version for the right syntax to use near 'and password= ) LIMIT 1' at line 1

[ 2016-04-29T20:52:06+08:00 ] 127.0.0.1 /shop/index.php/Home/User/login
ERR: SQLSTATE[42000]: Syntax error or access violation: 1064 You have an error in your SQL syntax; check the manual that corresponds to your MySQL server version for the right syntax to use near 'password=123 ) LIMIT 1' at line 1

[ 2016-04-29T20:59:27+08:00 ] 127.0.0.1 /shop/index.php/Home/User/login
ERR: SQLSTATE[42S22]: Column not found: 1054 Unknown column 'king' in 'where clause'

[ 2016-04-29T21:00:05+08:00 ] 127.0.0.1 /shop/index.php/Home/User/login
ERR: SQLSTATE[42S22]: Column not found: 1054 Unknown column 'king' in 'where clause'

